<?xml version="1.0" encoding="UTF-8"?>
<testsuite name="graph.AppTest" tests="1" skipped="0" failures="0" errors="0" timestamp="2021-11-15T13:59:07" hostname="LTUCSTUDENT-L108" time="0.03">
  <properties/>
  <testcase name="businessTripNoEdge()" classname="graph.AppTest" time="0.03"/>
  <system-out><![CDATA[]]></system-out>
  <system-err><![CDATA[]]></system-err>
</testsuite>
